2020-08-20 08:57:04 ERROR Logger:48 - AbstractDAO_SQLException | NamingExceptionCannot create PoolableConnectionFactory (The TCP/IP connection to the host localhost, port 1433 has failed. Error: "Connection refused (Connection refused). Verify the connection properties, check that an instance of SQL Server is running on the host and accepting TCP/IP connections at the port, and that no firewall is blocking TCP connections to the port.".)
2020-08-20 08:57:19 ERROR Logger:48 - AbstractDAO_SQLException | NamingExceptionCannot create PoolableConnectionFactory (The TCP/IP connection to the host localhost, port 1433 has failed. Error: "Connection refused (Connection refused). Verify the connection properties, check that an instance of SQL Server is running on the host and accepting TCP/IP connections at the port, and that no firewall is blocking TCP connections to the port.".)
2020-08-20 09:11:23 ERROR Logger:41 - UserMapper_Exception The column name email is not valid.
2020-08-20 09:11:41 ERROR Logger:46 - UserMapper_Exception The column name password is not valid.
2020-08-20 09:11:41 ERROR Logger:46 - UserMapper_Exception The column name password is not valid.
2020-08-20 09:11:41 ERROR Logger:46 - UserMapper_Exception The column name password is not valid.
2020-08-20 09:11:41 ERROR Logger:46 - UserMapper_Exception The column name password is not valid.
2020-08-20 09:12:42 ERROR Logger:41 - UserMapper_Exception The column name email is not valid.
2020-08-20 09:12:46 ERROR Logger:46 - UserMapper_Exception The column name status is not valid.
2020-08-20 09:12:46 ERROR Logger:46 - UserMapper_Exception The column name status is not valid.
2020-08-20 09:12:46 ERROR Logger:46 - UserMapper_Exception The column name status is not valid.
2020-08-20 09:12:46 ERROR Logger:46 - UserMapper_Exception The column name status is not valid.
2020-08-20 09:13:53 ERROR Logger:42 - UserMapper_Exception The column name email is not valid.
2020-08-20 09:13:59 ERROR Logger:42 - UserMapper_Exception The column name status is not valid.
2020-08-20 09:13:59 ERROR Logger:42 - UserMapper_Exception The column name status is not valid.
2020-08-20 09:13:59 ERROR Logger:42 - UserMapper_Exception The column name status is not valid.
2020-08-20 09:13:59 ERROR Logger:42 - UserMapper_Exception The column name status is not valid.
2020-08-20 09:15:30 ERROR Logger:42 - UserMapper_Exception The column name email is not valid.
2020-08-20 09:15:48 ERROR Logger:42 - UserMapper_Exception The column name status is not valid.
2020-08-20 09:15:48 ERROR Logger:42 - UserMapper_Exception The column name status is not valid.
2020-08-20 09:15:48 ERROR Logger:42 - UserMapper_Exception The column name status is not valid.
2020-08-20 09:15:48 ERROR Logger:42 - UserMapper_Exception The column name status is not valid.
2020-08-20 10:14:13 ERROR Logger:42 - UserMapper_Exception The column name email is not valid.
2020-08-20 10:15:06 ERROR Logger:42 - UserMapper_Exception The column name status is not valid.
2020-08-20 10:15:06 ERROR Logger:42 - UserMapper_Exception The column name status is not valid.
2020-08-20 10:15:06 ERROR Logger:42 - UserMapper_Exception The column name status is not valid.
2020-08-20 10:15:06 ERROR Logger:42 - UserMapper_Exception The column name status is not valid.
2020-08-20 10:20:51 ERROR Logger:42 - UserMapper_Exception The column name status is not valid.
2020-08-20 10:20:51 ERROR Logger:42 - UserMapper_Exception The column name status is not valid.
2020-08-20 10:20:51 ERROR Logger:42 - UserMapper_Exception The column name status is not valid.
2020-08-20 10:20:51 ERROR Logger:42 - UserMapper_Exception The column name status is not valid.
2020-08-20 10:28:45 ERROR Logger:41 - UserMapper_Exception The column name email is not valid.
2020-08-20 10:28:50 ERROR Logger:41 - UserMapper_Exception The column name status is not valid.
2020-08-20 10:28:50 ERROR Logger:41 - UserMapper_Exception The column name status is not valid.
2020-08-20 10:28:50 ERROR Logger:41 - UserMapper_Exception The column name status is not valid.
2020-08-20 10:28:50 ERROR Logger:41 - UserMapper_Exception The column name status is not valid.
2020-08-20 10:32:45 ERROR Logger:41 - UserMapper_Exception The column name status is not valid.
2020-08-20 10:32:45 ERROR Logger:41 - UserMapper_Exception The column name status is not valid.
2020-08-20 10:32:45 ERROR Logger:41 - UserMapper_Exception The column name status is not valid.
2020-08-20 10:32:45 ERROR Logger:41 - UserMapper_Exception The column name status is not valid.
2020-08-20 10:37:57 ERROR Logger:41 - UserMapper_Exception The column name email is not valid.
2020-08-20 10:38:09 ERROR Logger:41 - UserMapper_Exception The column name status is not valid.
2020-08-20 10:38:09 ERROR Logger:41 - UserMapper_Exception The column name status is not valid.
2020-08-20 10:38:09 ERROR Logger:41 - UserMapper_Exception The column name status is not valid.
2020-08-20 10:38:09 ERROR Logger:41 - UserMapper_Exception The column name status is not valid.
2020-08-20 10:42:44 ERROR Logger:41 - UserMapper_Exception The column name email is not valid.
2020-08-20 10:42:49 ERROR Logger:41 - UserMapper_Exception The column name status is not valid.
2020-08-20 10:42:49 ERROR Logger:41 - UserMapper_Exception The column name status is not valid.
2020-08-20 10:42:49 ERROR Logger:41 - UserMapper_Exception The column name status is not valid.
2020-08-20 10:42:49 ERROR Logger:41 - UserMapper_Exception The column name status is not valid.
2020-08-20 10:48:00 ERROR Logger:41 - UserMapper_Exception The column name status is not valid.
2020-08-20 10:48:00 ERROR Logger:41 - UserMapper_Exception The column name status is not valid.
2020-08-20 10:48:00 ERROR Logger:41 - UserMapper_Exception The column name status is not valid.
2020-08-20 10:48:00 ERROR Logger:41 - UserMapper_Exception The column name status is not valid.
2020-08-20 10:48:15 ERROR Logger:41 - UserMapper_Exception The column name email is not valid.
2020-08-20 10:48:27 ERROR Logger:41 - UserMapper_Exception The column name status is not valid.
2020-08-20 10:48:27 ERROR Logger:41 - UserMapper_Exception The column name status is not valid.
2020-08-20 10:48:27 ERROR Logger:41 - UserMapper_Exception The column name status is not valid.
2020-08-20 10:48:27 ERROR Logger:41 - UserMapper_Exception The column name status is not valid.
2020-08-20 10:49:13 ERROR Logger:41 - UserMapper_Exception The column name status is not valid.
2020-08-20 10:49:13 ERROR Logger:41 - UserMapper_Exception The column name status is not valid.
2020-08-20 10:49:13 ERROR Logger:41 - UserMapper_Exception The column name status is not valid.
2020-08-20 10:49:13 ERROR Logger:41 - UserMapper_Exception The column name status is not valid.
2020-08-20 10:50:45 ERROR Logger:41 - UserMapper_Exception The column name email is not valid.
2020-08-20 10:50:49 ERROR Logger:41 - UserMapper_Exception The column name status is not valid.
2020-08-20 10:50:49 ERROR Logger:41 - UserMapper_Exception The column name status is not valid.
2020-08-20 10:50:49 ERROR Logger:41 - UserMapper_Exception The column name status is not valid.
2020-08-20 10:50:49 ERROR Logger:41 - UserMapper_Exception The column name status is not valid.
2020-08-20 10:52:43 ERROR Logger:41 - UserMapper_Exception The column name status is not valid.
2020-08-20 10:52:43 ERROR Logger:41 - UserMapper_Exception The column name status is not valid.
2020-08-20 10:52:43 ERROR Logger:41 - UserMapper_Exception The column name status is not valid.
2020-08-20 10:52:43 ERROR Logger:41 - UserMapper_Exception The column name status is not valid.
2020-08-20 10:52:53 ERROR Logger:41 - UserMapper_Exception The column name status is not valid.
2020-08-20 10:52:53 ERROR Logger:41 - UserMapper_Exception The column name status is not valid.
2020-08-20 10:52:53 ERROR Logger:41 - UserMapper_Exception The column name status is not valid.
2020-08-20 10:52:53 ERROR Logger:41 - UserMapper_Exception The column name status is not valid.
2020-08-20 10:55:33 ERROR Logger:41 - UserMapper_Exception The column name email is not valid.
2020-08-20 10:55:45 ERROR Logger:41 - UserMapper_Exception The column name status is not valid.
2020-08-20 10:55:45 ERROR Logger:41 - UserMapper_Exception The column name status is not valid.
2020-08-20 10:55:45 ERROR Logger:41 - UserMapper_Exception The column name status is not valid.
2020-08-20 10:55:45 ERROR Logger:41 - UserMapper_Exception The column name status is not valid.
2020-08-20 10:56:35 ERROR Logger:41 - UserMapper_Exception The column name email is not valid.
2020-08-20 10:56:37 ERROR Logger:41 - UserMapper_Exception The column name status is not valid.
2020-08-20 10:56:37 ERROR Logger:41 - UserMapper_Exception The column name status is not valid.
2020-08-20 10:56:37 ERROR Logger:41 - UserMapper_Exception The column name status is not valid.
2020-08-20 10:56:37 ERROR Logger:41 - UserMapper_Exception The column name status is not valid.
2020-08-20 10:58:08 ERROR Logger:41 - UserMapper_Exception The column name email is not valid.
2020-08-20 10:58:12 ERROR Logger:41 - UserMapper_Exception The column name status is not valid.
2020-08-20 10:58:12 ERROR Logger:41 - UserMapper_Exception The column name status is not valid.
2020-08-20 10:58:12 ERROR Logger:41 - UserMapper_Exception The column name status is not valid.
2020-08-20 10:58:12 ERROR Logger:41 - UserMapper_Exception The column name status is not valid.
2020-08-20 10:59:12 ERROR Logger:41 - UserMapper_Exception The column name status is not valid.
2020-08-20 10:59:12 ERROR Logger:41 - UserMapper_Exception The column name status is not valid.
2020-08-20 10:59:12 ERROR Logger:41 - UserMapper_Exception The column name status is not valid.
2020-08-20 10:59:12 ERROR Logger:41 - UserMapper_Exception The column name status is not valid.
2020-08-20 10:59:35 ERROR Logger:41 - UserMapper_Exception The column name status is not valid.
2020-08-20 10:59:35 ERROR Logger:41 - UserMapper_Exception The column name status is not valid.
2020-08-20 10:59:35 ERROR Logger:41 - UserMapper_Exception The column name status is not valid.
2020-08-20 10:59:35 ERROR Logger:41 - UserMapper_Exception The column name status is not valid.
2020-08-20 11:15:43 ERROR Logger:41 - UserMapper_Exception The column name email is not valid.
2020-08-20 11:15:47 ERROR Logger:41 - UserMapper_Exception The column name status is not valid.
2020-08-20 11:15:47 ERROR Logger:41 - UserMapper_Exception The column name status is not valid.
2020-08-20 11:15:47 ERROR Logger:41 - UserMapper_Exception The column name status is not valid.
2020-08-20 11:15:47 ERROR Logger:41 - UserMapper_Exception The column name status is not valid.
2020-08-20 11:15:59 ERROR Logger:41 - UserMapper_Exception The column name status is not valid.
2020-08-20 11:15:59 ERROR Logger:41 - UserMapper_Exception The column name status is not valid.
2020-08-20 11:15:59 ERROR Logger:41 - UserMapper_Exception The column name status is not valid.
2020-08-20 11:15:59 ERROR Logger:41 - UserMapper_Exception The column name status is not valid.
2020-08-20 11:16:36 ERROR Logger:41 - UserMapper_Exception The column name status is not valid.
2020-08-20 11:16:36 ERROR Logger:41 - UserMapper_Exception The column name status is not valid.
2020-08-20 11:16:36 ERROR Logger:41 - UserMapper_Exception The column name status is not valid.
2020-08-20 11:16:36 ERROR Logger:41 - UserMapper_Exception The column name status is not valid.
2020-08-20 11:16:42 ERROR Logger:41 - UserMapper_Exception The column name status is not valid.
2020-08-20 11:16:42 ERROR Logger:41 - UserMapper_Exception The column name status is not valid.
2020-08-20 11:16:42 ERROR Logger:41 - UserMapper_Exception The column name status is not valid.
2020-08-20 11:16:42 ERROR Logger:41 - UserMapper_Exception The column name status is not valid.
2020-08-20 11:32:16 ERROR Logger:41 - UserMapper_Exception The column name email is not valid.
2020-08-20 11:32:40 ERROR Logger:41 - UserMapper_Exception The column name status is not valid.
2020-08-20 11:32:40 ERROR Logger:41 - UserMapper_Exception The column name status is not valid.
2020-08-20 11:32:40 ERROR Logger:41 - UserMapper_Exception The column name status is not valid.
2020-08-20 11:32:40 ERROR Logger:41 - UserMapper_Exception The column name status is not valid.
2020-08-20 11:32:44 ERROR Logger:211 - AbstractDAO_SQLException The index 2 is out of range.
2020-08-20 11:32:49 ERROR Logger:211 - AbstractDAO_SQLException The index 2 is out of range.
2020-08-20 11:33:20 ERROR Logger:211 - AbstractDAO_SQLException The index 2 is out of range.
2020-08-20 11:33:23 ERROR Logger:41 - UserMapper_Exception The column name status is not valid.
2020-08-20 11:33:23 ERROR Logger:41 - UserMapper_Exception The column name status is not valid.
2020-08-20 11:33:23 ERROR Logger:41 - UserMapper_Exception The column name status is not valid.
2020-08-20 11:33:23 ERROR Logger:41 - UserMapper_Exception The column name status is not valid.
2020-08-20 11:33:26 ERROR Logger:211 - AbstractDAO_SQLException The index 2 is out of range.
2020-08-20 11:33:35 ERROR Logger:41 - UserMapper_Exception The column name status is not valid.
2020-08-20 11:33:35 ERROR Logger:41 - UserMapper_Exception The column name status is not valid.
2020-08-20 11:33:35 ERROR Logger:41 - UserMapper_Exception The column name status is not valid.
2020-08-20 11:33:35 ERROR Logger:41 - UserMapper_Exception The column name status is not valid.
2020-08-20 11:34:56 ERROR Logger:41 - UserMapper_Exception The column name email is not valid.
2020-08-20 11:35:00 ERROR Logger:41 - UserMapper_Exception The column name status is not valid.
2020-08-20 11:35:00 ERROR Logger:41 - UserMapper_Exception The column name status is not valid.
2020-08-20 11:35:00 ERROR Logger:41 - UserMapper_Exception The column name status is not valid.
2020-08-20 11:35:00 ERROR Logger:41 - UserMapper_Exception The column name status is not valid.
2020-08-20 11:35:08 ERROR Logger:211 - AbstractDAO_SQLException The index 2 is out of range.
2020-08-20 11:35:09 ERROR Logger:211 - AbstractDAO_SQLException The index 2 is out of range.
2020-08-20 11:41:50 ERROR Logger:41 - UserMapper_Exception The column name email is not valid.
2020-08-20 11:41:54 ERROR Logger:41 - UserMapper_Exception The column name status is not valid.
2020-08-20 11:41:54 ERROR Logger:41 - UserMapper_Exception The column name status is not valid.
2020-08-20 11:41:54 ERROR Logger:41 - UserMapper_Exception The column name status is not valid.
2020-08-20 11:41:54 ERROR Logger:41 - UserMapper_Exception The column name status is not valid.
2020-08-20 11:41:57 ERROR Logger:211 - AbstractDAO_SQLException The index 2 is out of range.
2020-08-20 11:43:37 ERROR Logger:41 - UserMapper_Exception The column name email is not valid.
2020-08-20 11:43:38 ERROR Logger:41 - UserMapper_Exception The column name status is not valid.
2020-08-20 11:43:38 ERROR Logger:41 - UserMapper_Exception The column name status is not valid.
2020-08-20 11:43:38 ERROR Logger:41 - UserMapper_Exception The column name status is not valid.
2020-08-20 11:43:38 ERROR Logger:41 - UserMapper_Exception The column name status is not valid.
2020-08-20 11:43:41 ERROR Logger:211 - AbstractDAO_SQLException The index 2 is out of range.
2020-08-20 11:44:47 ERROR Logger:41 - UserMapper_Exception The column name email is not valid.
2020-08-20 11:44:49 ERROR Logger:41 - UserMapper_Exception The column name status is not valid.
2020-08-20 11:44:49 ERROR Logger:41 - UserMapper_Exception The column name status is not valid.
2020-08-20 11:44:49 ERROR Logger:41 - UserMapper_Exception The column name status is not valid.
2020-08-20 11:44:49 ERROR Logger:41 - UserMapper_Exception The column name status is not valid.
2020-08-20 11:44:52 ERROR Logger:41 - UserMapper_Exception The column name status is not valid.
2020-08-20 11:44:54 ERROR Logger:41 - UserMapper_Exception The column name status is not valid.
2020-08-20 11:48:23 ERROR Logger:41 - UserMapper_Exception The column name email is not valid.
2020-08-20 11:48:26 ERROR Logger:41 - UserMapper_Exception The column name status is not valid.
2020-08-20 11:48:26 ERROR Logger:41 - UserMapper_Exception The column name status is not valid.
2020-08-20 11:48:26 ERROR Logger:41 - UserMapper_Exception The column name status is not valid.
2020-08-20 11:48:26 ERROR Logger:41 - UserMapper_Exception The column name status is not valid.
2020-08-20 11:48:28 ERROR Logger:41 - UserMapper_Exception The column name status is not valid.
2020-08-20 11:48:47 ERROR Logger:211 - AbstractDAO_SQLException The index 2 is out of range.
2020-08-20 11:49:00 ERROR Logger:41 - UserMapper_Exception The column name status is not valid.
2020-08-20 11:49:31 ERROR Logger:211 - AbstractDAO_SQLException The index 2 is out of range.
2020-08-20 11:49:57 ERROR Logger:41 - UserMapper_Exception The column name email is not valid.
2020-08-20 11:50:00 ERROR Logger:41 - UserMapper_Exception The column name status is not valid.
2020-08-20 11:50:00 ERROR Logger:41 - UserMapper_Exception The column name status is not valid.
2020-08-20 11:50:00 ERROR Logger:41 - UserMapper_Exception The column name status is not valid.
2020-08-20 11:50:00 ERROR Logger:41 - UserMapper_Exception The column name status is not valid.
2020-08-20 11:50:02 ERROR Logger:41 - UserMapper_Exception The column name status is not valid.
2020-08-20 11:50:05 ERROR Logger:41 - UserMapper_Exception The column name status is not valid.
2020-08-20 11:50:05 ERROR Logger:41 - UserMapper_Exception The column name status is not valid.
2020-08-20 11:50:09 ERROR Logger:41 - UserMapper_Exception The column name status is not valid.
2020-08-20 11:50:09 ERROR Logger:41 - UserMapper_Exception The column name status is not valid.
2020-08-20 11:50:44 ERROR Logger:41 - UserMapper_Exception The column name status is not valid.
2020-08-20 11:55:09 ERROR Logger:41 - UserMapper_Exception The column name status is not valid.
2020-08-20 11:55:18 ERROR Logger:41 - UserMapper_Exception The column name status is not valid.
2020-08-20 12:23:18 ERROR Logger:41 - UserMapper_Exception The column name email is not valid.
2020-08-20 12:24:06 ERROR Logger:41 - UserMapper_Exception The column name status is not valid.
2020-08-20 12:24:06 ERROR Logger:41 - UserMapper_Exception The column name status is not valid.
2020-08-20 12:24:06 ERROR Logger:41 - UserMapper_Exception The column name status is not valid.
2020-08-20 12:24:06 ERROR Logger:41 - UserMapper_Exception The column name status is not valid.
2020-08-20 12:25:33 ERROR Logger:41 - UserMapper_Exception The column name status is not valid.
2020-08-20 12:26:42 ERROR Logger:41 - UserMapper_Exception The column name status is not valid.
2020-08-20 12:27:24 ERROR Logger:41 - UserMapper_Exception The column name status is not valid.
2020-08-20 12:29:01 ERROR Logger:41 - UserMapper_Exception The column name status is not valid.
2020-08-20 12:29:01 ERROR Logger:41 - UserMapper_Exception The column name status is not valid.
2020-08-20 12:31:22 ERROR Logger:41 - UserMapper_Exception The column name email is not valid.
2020-08-20 12:31:57 ERROR Logger:41 - UserMapper_Exception The column name status is not valid.
2020-08-20 12:31:57 ERROR Logger:41 - UserMapper_Exception The column name status is not valid.
2020-08-20 12:31:57 ERROR Logger:41 - UserMapper_Exception The column name status is not valid.
2020-08-20 12:31:57 ERROR Logger:41 - UserMapper_Exception The column name status is not valid.
2020-08-20 12:32:31 ERROR Logger:41 - UserMapper_Exception The column name status is not valid.
2020-08-20 12:32:35 ERROR Logger:41 - UserMapper_Exception The column name status is not valid.
2020-08-20 12:32:46 ERROR Logger:41 - UserMapper_Exception The column name status is not valid.
2020-08-20 12:35:12 ERROR Logger:41 - UserMapper_Exception The column name status is not valid.
2020-08-20 12:35:15 ERROR Logger:41 - UserMapper_Exception The column name status is not valid.
2020-08-20 12:35:15 ERROR Logger:41 - UserMapper_Exception The column name status is not valid.
2020-08-20 12:35:15 ERROR Logger:41 - UserMapper_Exception The column name status is not valid.
2020-08-20 12:35:15 ERROR Logger:41 - UserMapper_Exception The column name status is not valid.
2020-08-20 13:01:47 ERROR Logger:42 - UserMapper_Exception The column name id is not valid.
2020-08-20 13:01:50 ERROR Logger:42 - UserMapper_Exception The column name id is not valid.
2020-08-20 13:01:50 ERROR Logger:42 - UserMapper_Exception The column name id is not valid.
2020-08-20 13:01:50 ERROR Logger:42 - UserMapper_Exception The column name id is not valid.
2020-08-20 13:03:17 ERROR Logger:42 - UserMapper_Exception The column name id is not valid.
2020-08-20 13:03:21 ERROR Logger:42 - UserMapper_Exception The column name id is not valid.
2020-08-20 13:03:21 ERROR Logger:42 - UserMapper_Exception The column name id is not valid.
2020-08-20 13:03:21 ERROR Logger:42 - UserMapper_Exception The column name id is not valid.
2020-08-20 13:05:29 ERROR Logger:42 - UserMapper_Exception The column name id is not valid.
2020-08-20 13:05:32 ERROR Logger:42 - UserMapper_Exception The column name id is not valid.
2020-08-20 13:05:32 ERROR Logger:42 - UserMapper_Exception The column name id is not valid.
2020-08-20 13:05:32 ERROR Logger:42 - UserMapper_Exception The column name id is not valid.
2020-08-20 13:06:06 ERROR Logger:42 - UserMapper_Exception The column name id is not valid.
2020-08-20 13:06:09 ERROR Logger:42 - UserMapper_Exception The column name status is not valid.
2020-08-20 13:06:09 ERROR Logger:42 - UserMapper_Exception The column name status is not valid.
2020-08-20 13:06:09 ERROR Logger:42 - UserMapper_Exception The column name status is not valid.
2020-08-20 13:06:37 ERROR Logger:42 - UserMapper_Exception The column name status is not valid.
2020-08-20 13:06:37 ERROR Logger:42 - UserMapper_Exception The column name status is not valid.
2020-08-20 13:09:24 ERROR Logger:42 - UserMapper_Exception The column name id is not valid.
2020-08-20 13:09:32 ERROR Logger:42 - UserMapper_Exception The column name status is not valid.
2020-08-20 13:09:32 ERROR Logger:42 - UserMapper_Exception The column name status is not valid.
2020-08-20 13:09:43 ERROR Logger:42 - UserMapper_Exception The column name status is not valid.
2020-08-20 13:10:03 ERROR Logger:42 - UserMapper_Exception The column name status is not valid.
2020-08-20 13:10:07 ERROR Logger:42 - UserMapper_Exception The column name status is not valid.
2020-08-20 13:13:01 ERROR Logger:42 - UserMapper_Exception The column name status is not valid.
2020-08-20 13:13:01 ERROR Logger:42 - UserMapper_Exception The column name status is not valid.
2020-08-20 13:13:01 ERROR Logger:42 - UserMapper_Exception The column name status is not valid.
2020-08-20 13:13:01 ERROR Logger:42 - UserMapper_Exception The column name status is not valid.
2020-08-20 13:13:27 ERROR Logger:42 - UserMapper_Exception The column name status is not valid.
2020-08-20 13:13:27 ERROR Logger:42 - UserMapper_Exception The column name status is not valid.
2020-08-20 13:13:27 ERROR Logger:42 - UserMapper_Exception The column name status is not valid.
2020-08-20 13:13:27 ERROR Logger:42 - UserMapper_Exception The column name status is not valid.
2020-08-20 13:13:29 ERROR Logger:42 - UserMapper_Exception The column name status is not valid.
2020-08-20 13:13:29 ERROR Logger:42 - UserMapper_Exception The column name status is not valid.
2020-08-20 13:13:29 ERROR Logger:42 - UserMapper_Exception The column name status is not valid.
2020-08-20 13:13:29 ERROR Logger:42 - UserMapper_Exception The column name status is not valid.
2020-08-20 13:14:39 ERROR Logger:42 - UserMapper_Exception The column name status is not valid.
2020-08-20 13:14:39 ERROR Logger:42 - UserMapper_Exception The column name status is not valid.
2020-08-20 13:14:39 ERROR Logger:42 - UserMapper_Exception The column name status is not valid.
2020-08-20 13:14:39 ERROR Logger:42 - UserMapper_Exception The column name status is not valid.
2020-08-20 13:16:50 ERROR Logger:42 - UserMapper_Exception The column name id is not valid.
2020-08-20 13:16:55 ERROR Logger:42 - UserMapper_Exception The column name status is not valid.
2020-08-20 13:16:55 ERROR Logger:42 - UserMapper_Exception The column name status is not valid.
2020-08-20 13:16:55 ERROR Logger:42 - UserMapper_Exception The column name status is not valid.
2020-08-20 13:16:55 ERROR Logger:42 - UserMapper_Exception The column name status is not valid.
2020-08-20 13:20:55 ERROR Logger:42 - UserMapper_Exception The column name id is not valid.
2020-08-20 13:21:04 ERROR Logger:42 - UserMapper_Exception The column name id is not valid.
2020-08-20 13:23:10 ERROR Logger:44 - UserMapper_Exception The column name id is not valid.
2020-08-20 13:23:17 ERROR Logger:44 - UserMapper_Exception The column name status is not valid.
2020-08-20 13:23:17 ERROR Logger:44 - UserMapper_Exception The column name status is not valid.
2020-08-20 13:23:17 ERROR Logger:44 - UserMapper_Exception The column name status is not valid.
2020-08-20 13:23:17 ERROR Logger:44 - UserMapper_Exception The column name status is not valid.
2020-08-20 13:29:38 ERROR Logger:44 - UserMapper_Exception The column name status is not valid.
2020-08-20 13:29:38 ERROR Logger:44 - UserMapper_Exception The column name status is not valid.
2020-08-20 13:29:38 ERROR Logger:44 - UserMapper_Exception The column name status is not valid.
2020-08-20 13:29:38 ERROR Logger:44 - UserMapper_Exception The column name status is not valid.
2020-08-20 13:29:44 ERROR Logger:44 - UserMapper_Exception The column name status is not valid.
2020-08-20 13:29:44 ERROR Logger:44 - UserMapper_Exception The column name status is not valid.
2020-08-20 13:29:44 ERROR Logger:44 - UserMapper_Exception The column name status is not valid.
2020-08-20 13:38:34 ERROR Logger:44 - UserMapper_Exception The column name id is not valid.
2020-08-20 13:38:36 ERROR Logger:44 - UserMapper_Exception The column name status is not valid.
2020-08-20 13:38:36 ERROR Logger:44 - UserMapper_Exception The column name status is not valid.
2020-08-20 13:38:36 ERROR Logger:44 - UserMapper_Exception The column name status is not valid.
2020-08-20 13:39:06 ERROR Logger:44 - UserMapper_Exception The column name status is not valid.
2020-08-20 13:39:06 ERROR Logger:44 - UserMapper_Exception The column name status is not valid.
2020-08-20 13:39:06 ERROR Logger:44 - UserMapper_Exception The column name status is not valid.
2020-08-20 13:43:49 ERROR Logger:44 - UserMapper_Exception The column name status is not valid.
2020-08-20 13:43:49 ERROR Logger:44 - UserMapper_Exception The column name status is not valid.
2020-08-20 13:43:49 ERROR Logger:44 - UserMapper_Exception The column name status is not valid.
2020-08-20 13:44:22 ERROR Logger:44 - UserMapper_Exception The column name status is not valid.
2020-08-20 13:44:22 ERROR Logger:44 - UserMapper_Exception The column name status is not valid.
2020-08-20 13:44:22 ERROR Logger:44 - UserMapper_Exception The column name status is not valid.
2020-08-20 13:44:44 ERROR Logger:44 - UserMapper_Exception The column name status is not valid.
2020-08-20 13:44:44 ERROR Logger:44 - UserMapper_Exception The column name status is not valid.
2020-08-20 13:44:44 ERROR Logger:44 - UserMapper_Exception The column name status is not valid.
2020-08-20 13:46:32 ERROR Logger:44 - UserMapper_Exception The column name status is not valid.
2020-08-20 13:46:32 ERROR Logger:44 - UserMapper_Exception The column name status is not valid.
2020-08-20 13:46:32 ERROR Logger:44 - UserMapper_Exception The column name status is not valid.
2020-08-20 18:03:06 ERROR Logger:44 - UserMapper_Exception The column name id is not valid.
2020-08-20 18:03:14 ERROR Logger:44 - UserMapper_Exception The column name status is not valid.
2020-08-20 18:03:14 ERROR Logger:44 - UserMapper_Exception The column name status is not valid.
2020-08-20 18:03:14 ERROR Logger:44 - UserMapper_Exception The column name status is not valid.
2020-08-20 18:04:06 ERROR Logger:44 - UserMapper_Exception The column name status is not valid.
2020-08-20 18:04:06 ERROR Logger:44 - UserMapper_Exception The column name status is not valid.
2020-08-20 18:04:06 ERROR Logger:44 - UserMapper_Exception The column name status is not valid.
2020-08-20 18:04:42 ERROR Logger:44 - UserMapper_Exception The column name id is not valid.
2020-08-20 18:04:46 ERROR Logger:44 - UserMapper_Exception The column name status is not valid.
2020-08-20 18:04:46 ERROR Logger:44 - UserMapper_Exception The column name status is not valid.
2020-08-20 18:04:46 ERROR Logger:44 - UserMapper_Exception The column name status is not valid.
2020-08-20 18:05:08 ERROR Logger:44 - UserMapper_Exception The column name status is not valid.
2020-08-20 18:05:08 ERROR Logger:44 - UserMapper_Exception The column name status is not valid.
2020-08-20 18:05:08 ERROR Logger:44 - UserMapper_Exception The column name status is not valid.
2020-08-20 18:06:07 ERROR Logger:44 - UserMapper_Exception The column name id is not valid.
2020-08-20 18:06:10 ERROR Logger:44 - UserMapper_Exception The column name status is not valid.
2020-08-20 18:06:10 ERROR Logger:44 - UserMapper_Exception The column name status is not valid.
2020-08-20 18:06:10 ERROR Logger:44 - UserMapper_Exception The column name status is not valid.
2020-08-20 18:06:42 ERROR Logger:44 - UserMapper_Exception The column name id is not valid.
2020-08-20 18:06:46 ERROR Logger:44 - UserMapper_Exception The column name status is not valid.
2020-08-20 18:06:46 ERROR Logger:44 - UserMapper_Exception The column name status is not valid.
2020-08-20 18:06:46 ERROR Logger:44 - UserMapper_Exception The column name status is not valid.
2020-08-20 18:10:07 ERROR Logger:44 - UserMapper_Exception The column name id is not valid.
2020-08-20 18:10:11 ERROR Logger:44 - UserMapper_Exception The column name status is not valid.
2020-08-20 18:10:11 ERROR Logger:44 - UserMapper_Exception The column name status is not valid.
2020-08-20 18:10:11 ERROR Logger:44 - UserMapper_Exception The column name status is not valid.
2020-08-20 18:10:17 ERROR Logger:44 - UserMapper_Exception The column name status is not valid.
2020-08-20 18:10:17 ERROR Logger:44 - UserMapper_Exception The column name status is not valid.
2020-08-20 18:10:17 ERROR Logger:44 - UserMapper_Exception The column name status is not valid.
2020-08-20 18:30:58 ERROR Logger:44 - UserMapper_Exception The column name id is not valid.
2020-08-20 18:31:02 ERROR Logger:44 - UserMapper_Exception The column name status is not valid.
2020-08-20 18:31:02 ERROR Logger:44 - UserMapper_Exception The column name status is not valid.
2020-08-20 18:31:02 ERROR Logger:44 - UserMapper_Exception The column name status is not valid.
2020-08-20 18:32:03 ERROR Logger:44 - UserMapper_Exception The column name id is not valid.
2020-08-20 18:32:10 ERROR Logger:44 - UserMapper_Exception The column name status is not valid.
2020-08-20 18:32:10 ERROR Logger:44 - UserMapper_Exception The column name status is not valid.
2020-08-20 18:32:10 ERROR Logger:44 - UserMapper_Exception The column name status is not valid.
2020-08-20 18:32:17 ERROR Logger:44 - UserMapper_Exception The column name status is not valid.
2020-08-20 18:33:26 ERROR Logger:44 - UserMapper_Exception The column name status is not valid.
2020-08-20 18:33:26 ERROR Logger:44 - UserMapper_Exception The column name status is not valid.
2020-08-20 18:33:26 ERROR Logger:44 - UserMapper_Exception The column name status is not valid.
2020-08-20 18:33:28 ERROR Logger:44 - UserMapper_Exception The column name status is not valid.
2020-08-20 18:34:39 ERROR Logger:44 - UserMapper_Exception The column name id is not valid.
2020-08-20 18:34:43 ERROR Logger:44 - UserMapper_Exception The column name status is not valid.
2020-08-20 18:34:43 ERROR Logger:44 - UserMapper_Exception The column name status is not valid.
2020-08-20 18:34:43 ERROR Logger:44 - UserMapper_Exception The column name status is not valid.
2020-08-20 18:34:46 ERROR Logger:44 - UserMapper_Exception The column name status is not valid.
2020-08-20 18:37:29 ERROR Logger:44 - UserMapper_Exception The column name id is not valid.
2020-08-20 18:37:33 ERROR Logger:44 - UserMapper_Exception The column name status is not valid.
2020-08-20 18:37:33 ERROR Logger:44 - UserMapper_Exception The column name status is not valid.
2020-08-20 18:37:33 ERROR Logger:44 - UserMapper_Exception The column name status is not valid.
2020-08-20 18:37:33 ERROR Logger:44 - UserMapper_Exception The column name status is not valid.
2020-08-20 18:37:34 ERROR Logger:44 - UserMapper_Exception The column name status is not valid.
2020-08-20 18:37:51 ERROR Logger:44 - UserMapper_Exception The column name id is not valid.
2020-08-20 18:37:54 ERROR Logger:44 - UserMapper_Exception The column name status is not valid.
2020-08-20 18:37:54 ERROR Logger:44 - UserMapper_Exception The column name status is not valid.
2020-08-20 18:37:54 ERROR Logger:44 - UserMapper_Exception The column name status is not valid.
2020-08-20 18:37:54 ERROR Logger:44 - UserMapper_Exception The column name status is not valid.
2020-08-20 18:39:21 ERROR Logger:44 - UserMapper_Exception The column name status is not valid.
2020-08-20 18:39:21 ERROR Logger:44 - UserMapper_Exception The column name status is not valid.
2020-08-20 18:39:21 ERROR Logger:44 - UserMapper_Exception The column name status is not valid.
2020-08-20 18:39:21 ERROR Logger:44 - UserMapper_Exception The column name status is not valid.
2020-08-20 18:41:00 ERROR Logger:44 - UserMapper_Exception The column name status is not valid.
2020-08-20 18:41:00 ERROR Logger:44 - UserMapper_Exception The column name status is not valid.
2020-08-20 18:41:00 ERROR Logger:44 - UserMapper_Exception The column name status is not valid.
2020-08-20 18:41:00 ERROR Logger:44 - UserMapper_Exception The column name status is not valid.
2020-08-20 18:43:35 ERROR Logger:44 - UserMapper_Exception The column name id is not valid.
2020-08-20 18:43:39 ERROR Logger:44 - UserMapper_Exception The column name status is not valid.
2020-08-20 18:43:39 ERROR Logger:44 - UserMapper_Exception The column name status is not valid.
2020-08-20 18:43:39 ERROR Logger:44 - UserMapper_Exception The column name status is not valid.
2020-08-20 18:43:39 ERROR Logger:44 - UserMapper_Exception The column name status is not valid.
2020-08-20 18:44:59 ERROR Logger:44 - UserMapper_Exception The column name status is not valid.
2020-08-20 18:44:59 ERROR Logger:44 - UserMapper_Exception The column name status is not valid.
2020-08-20 18:44:59 ERROR Logger:44 - UserMapper_Exception The column name status is not valid.
2020-08-20 18:44:59 ERROR Logger:44 - UserMapper_Exception The column name status is not valid.
2020-08-20 21:16:32 ERROR Logger:44 - UserMapper_Exception The column name id is not valid.
2020-08-20 21:16:34 ERROR Logger:44 - UserMapper_Exception The column name status is not valid.
2020-08-20 21:16:34 ERROR Logger:44 - UserMapper_Exception The column name status is not valid.
2020-08-20 21:16:34 ERROR Logger:44 - UserMapper_Exception The column name status is not valid.
2020-08-20 21:16:34 ERROR Logger:44 - UserMapper_Exception The column name status is not valid.
2020-08-20 21:17:53 ERROR Logger:44 - UserMapper_Exception The column name status is not valid.
2020-08-20 21:17:53 ERROR Logger:44 - UserMapper_Exception The column name status is not valid.
2020-08-20 21:17:53 ERROR Logger:44 - UserMapper_Exception The column name status is not valid.
2020-08-20 21:17:53 ERROR Logger:44 - UserMapper_Exception The column name status is not valid.
2020-08-20 21:20:19 ERROR Logger:44 - UserMapper_Exception The column name id is not valid.
2020-08-20 21:20:29 ERROR Logger:44 - UserMapper_Exception The column name id is not valid.
2020-08-20 21:20:33 ERROR Logger:44 - UserMapper_Exception The column name status is not valid.
2020-08-20 21:20:33 ERROR Logger:44 - UserMapper_Exception The column name status is not valid.
2020-08-20 21:20:33 ERROR Logger:44 - UserMapper_Exception The column name status is not valid.
2020-08-20 21:20:33 ERROR Logger:44 - UserMapper_Exception The column name status is not valid.
2020-08-20 21:37:46 ERROR Logger:44 - UserMapper_Exception The column name id is not valid.
2020-08-20 21:38:05 ERROR Logger:44 - UserMapper_Exception The column name status is not valid.
2020-08-20 21:38:05 ERROR Logger:44 - UserMapper_Exception The column name status is not valid.
2020-08-20 21:38:06 ERROR Logger:44 - UserMapper_Exception The column name status is not valid.
2020-08-20 21:38:06 ERROR Logger:44 - UserMapper_Exception The column name status is not valid.
2020-08-20 21:52:07 ERROR Logger:44 - UserMapper_Exception The column name id is not valid.
2020-08-20 21:52:12 ERROR Logger:44 - UserMapper_Exception The column name status is not valid.
2020-08-20 21:52:12 ERROR Logger:44 - UserMapper_Exception The column name status is not valid.
2020-08-20 21:52:12 ERROR Logger:44 - UserMapper_Exception The column name status is not valid.
2020-08-20 21:52:12 ERROR Logger:44 - UserMapper_Exception The column name status is not valid.
2020-08-20 22:02:20 ERROR Logger:44 - UserMapper_Exception The column name id is not valid.
2020-08-20 22:02:24 ERROR Logger:44 - UserMapper_Exception The column name status is not valid.
2020-08-20 22:02:24 ERROR Logger:44 - UserMapper_Exception The column name status is not valid.
2020-08-20 22:02:24 ERROR Logger:44 - UserMapper_Exception The column name status is not valid.
2020-08-20 22:02:24 ERROR Logger:44 - UserMapper_Exception The column name status is not valid.
2020-08-20 22:36:54 ERROR Logger:44 - UserMapper_Exception The column name id is not valid.
2020-08-20 22:36:58 ERROR Logger:44 - UserMapper_Exception The column name status is not valid.
2020-08-20 22:36:58 ERROR Logger:44 - UserMapper_Exception The column name status is not valid.
2020-08-20 22:36:58 ERROR Logger:44 - UserMapper_Exception The column name status is not valid.
2020-08-20 22:36:58 ERROR Logger:44 - UserMapper_Exception The column name status is not valid.
2020-08-20 22:39:39 ERROR Logger:44 - UserMapper_Exception The column name id is not valid.
2020-08-20 22:39:42 ERROR Logger:44 - UserMapper_Exception The column name status is not valid.
2020-08-20 22:39:42 ERROR Logger:44 - UserMapper_Exception The column name status is not valid.
2020-08-20 22:39:42 ERROR Logger:44 - UserMapper_Exception The column name status is not valid.
2020-08-20 22:39:42 ERROR Logger:44 - UserMapper_Exception The column name status is not valid.
2020-08-20 22:42:35 ERROR Logger:44 - UserMapper_Exception The column name id is not valid.
2020-08-20 22:42:38 ERROR Logger:44 - UserMapper_Exception The column name status is not valid.
2020-08-20 22:42:38 ERROR Logger:44 - UserMapper_Exception The column name status is not valid.
2020-08-20 22:42:38 ERROR Logger:44 - UserMapper_Exception The column name status is not valid.
2020-08-20 22:42:38 ERROR Logger:44 - UserMapper_Exception The column name status is not valid.
2020-08-20 22:44:33 ERROR Logger:44 - UserMapper_Exception The column name id is not valid.
2020-08-20 22:44:37 ERROR Logger:44 - UserMapper_Exception The column name status is not valid.
2020-08-20 22:44:37 ERROR Logger:44 - UserMapper_Exception The column name status is not valid.
2020-08-20 22:44:37 ERROR Logger:44 - UserMapper_Exception The column name status is not valid.
2020-08-20 22:44:37 ERROR Logger:44 - UserMapper_Exception The column name status is not valid.
2020-08-20 23:51:28 ERROR Logger:44 - UserMapper_Exception The column name id is not valid.
2020-08-20 23:51:32 ERROR Logger:44 - UserMapper_Exception The column name status is not valid.
2020-08-20 23:51:32 ERROR Logger:44 - UserMapper_Exception The column name status is not valid.
2020-08-20 23:51:32 ERROR Logger:44 - UserMapper_Exception The column name status is not valid.
2020-08-20 23:51:32 ERROR Logger:44 - UserMapper_Exception The column name status is not valid.
2020-08-20 23:52:03 ERROR Logger:44 - UserMapper_Exception The column name status is not valid.
2020-08-20 23:52:03 ERROR Logger:44 - UserMapper_Exception The column name status is not valid.
2020-08-20 23:52:03 ERROR Logger:44 - UserMapper_Exception The column name status is not valid.
2020-08-20 23:52:03 ERROR Logger:44 - UserMapper_Exception The column name status is not valid.
2020-08-20 23:52:58 ERROR Logger:44 - UserMapper_Exception The column name status is not valid.
2020-08-20 23:52:58 ERROR Logger:44 - UserMapper_Exception The column name status is not valid.
2020-08-20 23:52:58 ERROR Logger:44 - UserMapper_Exception The column name status is not valid.
2020-08-20 23:52:58 ERROR Logger:44 - UserMapper_Exception The column name status is not valid.
2020-08-20 23:54:25 ERROR Logger:44 - UserMapper_Exception The column name status is not valid.
2020-08-20 23:54:25 ERROR Logger:44 - UserMapper_Exception The column name status is not valid.
2020-08-20 23:54:25 ERROR Logger:44 - UserMapper_Exception The column name status is not valid.
2020-08-20 23:54:25 ERROR Logger:44 - UserMapper_Exception The column name status is not valid.
2020-08-20 23:55:51 ERROR Logger:44 - UserMapper_Exception The column name id is not valid.
2020-08-20 23:55:55 ERROR Logger:44 - UserMapper_Exception The column name status is not valid.
2020-08-20 23:55:55 ERROR Logger:44 - UserMapper_Exception The column name status is not valid.
2020-08-20 23:55:55 ERROR Logger:44 - UserMapper_Exception The column name status is not valid.
2020-08-20 23:55:55 ERROR Logger:44 - UserMapper_Exception The column name status is not valid.
2020-08-20 23:56:08 ERROR Logger:44 - UserMapper_Exception The column name status is not valid.
2020-08-20 23:56:08 ERROR Logger:44 - UserMapper_Exception The column name status is not valid.
2020-08-20 23:56:08 ERROR Logger:44 - UserMapper_Exception The column name status is not valid.
2020-08-20 23:56:08 ERROR Logger:44 - UserMapper_Exception The column name status is not valid.
2020-08-20 23:57:06 ERROR Logger:44 - UserMapper_Exception The column name id is not valid.
2020-08-20 23:57:09 ERROR Logger:44 - UserMapper_Exception The column name status is not valid.
2020-08-20 23:57:09 ERROR Logger:44 - UserMapper_Exception The column name status is not valid.
2020-08-20 23:57:09 ERROR Logger:44 - UserMapper_Exception The column name status is not valid.
2020-08-20 23:57:09 ERROR Logger:44 - UserMapper_Exception The column name status is not valid.
2020-08-20 23:57:25 ERROR Logger:44 - UserMapper_Exception The column name status is not valid.
2020-08-20 23:57:25 ERROR Logger:44 - UserMapper_Exception The column name status is not valid.
2020-08-20 23:57:25 ERROR Logger:44 - UserMapper_Exception The column name status is not valid.
2020-08-20 23:57:25 ERROR Logger:44 - UserMapper_Exception The column name status is not valid.
2020-08-21 00:03:23 ERROR Logger:44 - UserMapper_Exception The column name id is not valid.
2020-08-21 00:03:26 ERROR Logger:44 - UserMapper_Exception The column name status is not valid.
2020-08-21 00:03:26 ERROR Logger:44 - UserMapper_Exception The column name status is not valid.
2020-08-21 00:03:26 ERROR Logger:44 - UserMapper_Exception The column name status is not valid.
2020-08-21 00:03:26 ERROR Logger:44 - UserMapper_Exception The column name status is not valid.
2020-08-21 00:03:44 ERROR Logger:44 - UserMapper_Exception The column name status is not valid.
2020-08-21 00:03:44 ERROR Logger:44 - UserMapper_Exception The column name status is not valid.
2020-08-21 00:03:44 ERROR Logger:44 - UserMapper_Exception The column name status is not valid.
2020-08-21 00:03:44 ERROR Logger:44 - UserMapper_Exception The column name status is not valid.
2020-08-21 00:08:55 ERROR Logger:44 - UserMapper_Exception The column name id is not valid.
2020-08-21 00:08:58 ERROR Logger:44 - UserMapper_Exception The column name status is not valid.
2020-08-21 00:08:58 ERROR Logger:44 - UserMapper_Exception The column name status is not valid.
2020-08-21 00:08:58 ERROR Logger:44 - UserMapper_Exception The column name status is not valid.
2020-08-21 00:08:58 ERROR Logger:44 - UserMapper_Exception The column name status is not valid.
2020-08-21 00:09:09 ERROR Logger:44 - UserMapper_Exception The column name status is not valid.
2020-08-21 00:09:09 ERROR Logger:44 - UserMapper_Exception The column name status is not valid.
2020-08-21 00:09:09 ERROR Logger:44 - UserMapper_Exception The column name status is not valid.
2020-08-21 00:09:09 ERROR Logger:44 - UserMapper_Exception The column name status is not valid.
2020-08-21 00:10:44 ERROR Logger:44 - UserMapper_Exception The column name id is not valid.
2020-08-21 00:10:47 ERROR Logger:44 - UserMapper_Exception The column name status is not valid.
2020-08-21 00:10:47 ERROR Logger:44 - UserMapper_Exception The column name status is not valid.
2020-08-21 00:10:47 ERROR Logger:44 - UserMapper_Exception The column name status is not valid.
2020-08-21 00:10:47 ERROR Logger:44 - UserMapper_Exception The column name status is not valid.
2020-08-21 00:11:51 ERROR Logger:44 - UserMapper_Exception The column name id is not valid.
2020-08-21 00:11:54 ERROR Logger:44 - UserMapper_Exception The column name status is not valid.
2020-08-21 00:11:54 ERROR Logger:44 - UserMapper_Exception The column name status is not valid.
2020-08-21 00:11:54 ERROR Logger:44 - UserMapper_Exception The column name status is not valid.
2020-08-21 00:11:54 ERROR Logger:44 - UserMapper_Exception The column name status is not valid.
2020-08-21 00:12:08 ERROR Logger:44 - UserMapper_Exception The column name status is not valid.
2020-08-21 00:12:08 ERROR Logger:44 - UserMapper_Exception The column name status is not valid.
2020-08-21 00:12:08 ERROR Logger:44 - UserMapper_Exception The column name status is not valid.
2020-08-21 00:12:08 ERROR Logger:44 - UserMapper_Exception The column name status is not valid.
2020-08-21 00:14:34 ERROR Logger:44 - UserMapper_Exception The column name id is not valid.
2020-08-21 00:14:38 ERROR Logger:44 - UserMapper_Exception The column name status is not valid.
2020-08-21 00:14:38 ERROR Logger:44 - UserMapper_Exception The column name status is not valid.
2020-08-21 00:14:38 ERROR Logger:44 - UserMapper_Exception The column name status is not valid.
2020-08-21 00:14:38 ERROR Logger:44 - UserMapper_Exception The column name status is not valid.
2020-08-21 00:14:57 ERROR Logger:44 - UserMapper_Exception The column name status is not valid.
2020-08-21 00:14:57 ERROR Logger:44 - UserMapper_Exception The column name status is not valid.
2020-08-21 00:14:57 ERROR Logger:44 - UserMapper_Exception The column name status is not valid.
2020-08-21 00:14:57 ERROR Logger:44 - UserMapper_Exception The column name status is not valid.
2020-08-21 00:15:29 ERROR Logger:44 - UserMapper_Exception The column name status is not valid.
2020-08-21 00:15:29 ERROR Logger:44 - UserMapper_Exception The column name status is not valid.
2020-08-21 00:15:29 ERROR Logger:44 - UserMapper_Exception The column name status is not valid.
2020-08-21 00:15:29 ERROR Logger:44 - UserMapper_Exception The column name status is not valid.
2020-08-21 00:18:16 ERROR Logger:44 - UserMapper_Exception The column name id is not valid.
2020-08-21 00:18:20 ERROR Logger:44 - UserMapper_Exception The column name status is not valid.
2020-08-21 00:18:20 ERROR Logger:44 - UserMapper_Exception The column name status is not valid.
2020-08-21 00:18:20 ERROR Logger:44 - UserMapper_Exception The column name status is not valid.
2020-08-21 00:18:20 ERROR Logger:44 - UserMapper_Exception The column name status is not valid.
2020-08-21 00:18:37 ERROR Logger:44 - UserMapper_Exception The column name status is not valid.
2020-08-21 00:18:37 ERROR Logger:44 - UserMapper_Exception The column name status is not valid.
2020-08-21 00:18:37 ERROR Logger:44 - UserMapper_Exception The column name status is not valid.
2020-08-21 00:18:37 ERROR Logger:44 - UserMapper_Exception The column name status is not valid.
2020-08-21 01:27:49 ERROR Logger:83 - AbstractDAO_SQLException The value is not set for the parameter number 8.
2020-08-21 01:30:11 ERROR Logger:48 - AbstractDAO_SQLException | NamingExceptionThe value is not set for the parameter number 1.
2020-08-21 11:43:22 ERROR Logger:83 - AbstractDAO_SQLException String or binary data would be truncated.
2020-08-21 11:45:47 ERROR Logger:83 - AbstractDAO_SQLException String or binary data would be truncated.
2020-08-21 15:48:10 ERROR Logger:83 - AbstractDAO_SQLException String or binary data would be truncated.
2020-08-21 15:49:27 ERROR Logger:83 - AbstractDAO_SQLException String or binary data would be truncated.
2020-08-21 15:51:02 ERROR Logger:83 - AbstractDAO_SQLException String or binary data would be truncated.
2020-08-21 15:52:09 ERROR Logger:83 - AbstractDAO_SQLException String or binary data would be truncated.
2020-08-21 15:54:39 ERROR Logger:83 - AbstractDAO_SQLException String or binary data would be truncated.
2020-08-21 15:55:05 ERROR Logger:83 - AbstractDAO_SQLException String or binary data would be truncated.
2020-08-21 17:49:29 ERROR Logger:48 - AbstractDAO_SQLException | NamingExceptionAmbiguous column name 'id'.
2020-08-21 17:53:14 ERROR Logger:48 - AbstractDAO_SQLException | NamingExceptionAmbiguous column name 'id'.
